<?xml version="1.0" encoding="UTF-8"?>
<!-- Generated by org.testng.reporters.JUnitReportReporter -->
<testsuite hostname="DESKTOP-IRSR8MK" failures="0" tests="1" name="com.testng.task.TaskOrangeHRM" time="2.593" errors="0" timestamp="2025-08-29T17:40:18 IST" skipped="0">
  <testcase classname="com.testng.task.TaskOrangeHRM" name="verifyLogin" time="2.593"/>
  <system-out/>
</testsuite> <!-- com.testng.task.TaskOrangeHRM -->
