<?xml version="1.0" encoding="UTF-8"?>
<!-- Generated by org.testng.reporters.JUnitReportReporter -->
<testsuite hostname="DESKTOP-IRSR8MK" failures="0" tests="1" name="com.testng.basics.AllAnnotations" time="0.014" errors="0" timestamp="2025-08-12T17:27:35 IST" skipped="0">
  <testcase classname="com.testng.basics.AllAnnotations" name="m1" time="0.014"/>
  <system-out/>
</testsuite> <!-- com.testng.basics.AllAnnotations -->
