<?xml version="1.0" encoding="UTF-8"?>
<!-- Generated by org.testng.reporters.JUnitReportReporter -->
<testsuite hostname="DESKTOP-IRSR8MK" failures="0" tests="1" name="seleniumSample.StartMaximized" time="9.717" errors="0" timestamp="2025-08-13T18:33:05 IST" skipped="0">
  <testcase classname="seleniumSample.StartMaximized" name="main" time="9.717"/>
  <system-out/>
</testsuite> <!-- seleniumSample.StartMaximized -->
