<?xml version="1.0" encoding="UTF-8"?>
<!-- Generated by org.testng.reporters.JUnitReportReporter -->
<testsuite hostname="DESKTOP-IRSR8MK" failures="0" tests="2" name="com.testng.basics.CrossBrowser" time="0.403" errors="0" timestamp="2025-08-13T18:19:05 IST" skipped="0">
  <testcase classname="com.testng.basics.CrossBrowser" name="verifyLogin" time="0.244"/>
  <system-out/>
  <testcase classname="com.testng.basics.CrossBrowser" name="verifyLogin" time="0.159"/>
  <system-out/>
</testsuite> <!-- com.testng.basics.CrossBrowser -->
