<?xml version="1.0" encoding="UTF-8"?>
<!-- Generated by org.testng.reporters.JUnitReportReporter -->
<testsuite hostname="DESKTOP-IRSR8MK" failures="0" tests="5" name="com.testng.basics.Groups" time="1.784" errors="0" timestamp="2025-08-14T17:52:00 IST" skipped="0">
  <testcase classname="com.testng.basics.Groups" name="verifyTitle" time="0.019"/>
  <system-out/>
  <testcase classname="com.testng.basics.Groups" name="verifyUrl" time="0.014"/>
  <system-out/>
  <testcase classname="com.testng.basics.Groups" name="verifyLinksCount" time="0.022"/>
  <system-out/>
  <testcase classname="com.testng.basics.Groups" name="verifyLinks" time="1.550"/>
  <system-out/>
  <testcase classname="com.testng.basics.Groups" name="verifyLogin" time="0.179"/>
  <system-out/>
</testsuite> <!-- com.testng.basics.Groups -->
