<?xml version="1.0" encoding="UTF-8"?>
<!-- Generated by org.testng.reporters.JUnitReportReporter -->
<testsuite hostname="DESKTOP-IRSR8MK" failures="0" tests="1" name="com.testng.basics.Argument" time="0.267" errors="0" timestamp="2025-08-12T17:46:00 IST" skipped="0">
  <testcase classname="com.testng.basics.Argument" name="verifyLogin" time="0.267"/>
  <system-out/>
</testsuite> <!-- com.testng.basics.Argument -->
